[2023-05-21 18:54:49Z INFO HostContext] No proxy settings were found based on environmental variables (http_proxy/https_proxy/HTTP_PROXY/HTTPS_PROXY)
[2023-05-21 18:54:49Z INFO HostContext] Well known directory 'Bin': 'C:\Users\akosp\Desktop\Programming\testing\github_actions_rtu\actions-runner\bin'
[2023-05-21 18:54:49Z INFO HostContext] Well known directory 'Root': 'C:\Users\akosp\Desktop\Programming\testing\github_actions_rtu\actions-runner'
[2023-05-21 18:54:49Z INFO HostContext] Well known config file 'Credentials': 'C:\Users\akosp\Desktop\Programming\testing\github_actions_rtu\actions-runner\.credentials'
[2023-05-21 18:54:49Z INFO HostContext] Well known directory 'Bin': 'C:\Users\akosp\Desktop\Programming\testing\github_actions_rtu\actions-runner\bin'
[2023-05-21 18:54:49Z INFO HostContext] Well known directory 'Root': 'C:\Users\akosp\Desktop\Programming\testing\github_actions_rtu\actions-runner'
[2023-05-21 18:54:49Z INFO HostContext] Well known config file 'Runner': 'C:\Users\akosp\Desktop\Programming\testing\github_actions_rtu\actions-runner\.runner'
[2023-05-21 18:54:49Z INFO Listener] Runner is built for Windows (X64) - win-x64.
[2023-05-21 18:54:49Z INFO Listener] RuntimeInformation: Microsoft Windows 10.0.22621.
[2023-05-21 18:54:49Z INFO Listener] Version: 2.304.0
[2023-05-21 18:54:49Z INFO Listener] Commit: 9ef4121b5b31ee5c03b7770288213d741081f747
[2023-05-21 18:54:49Z INFO Listener] Culture: en-US
[2023-05-21 18:54:49Z INFO Listener] UI Culture: en-US
[2023-05-21 18:54:49Z INFO HostContext] Well known directory 'Bin': 'C:\Users\akosp\Desktop\Programming\testing\github_actions_rtu\actions-runner\bin'
[2023-05-21 18:54:49Z INFO HostContext] Well known directory 'Root': 'C:\Users\akosp\Desktop\Programming\testing\github_actions_rtu\actions-runner'
[2023-05-21 18:54:49Z INFO Listener] Validating directory permissions for: 'C:\Users\akosp\Desktop\Programming\testing\github_actions_rtu\actions-runner'
[2023-05-21 18:54:49Z INFO CommandLineParser] Parse
[2023-05-21 18:54:49Z INFO CommandLineParser] Parsing 5 args
[2023-05-21 18:54:49Z INFO CommandLineParser] parsing argument
[2023-05-21 18:54:49Z INFO CommandLineParser] HasArgs: False
[2023-05-21 18:54:49Z INFO CommandLineParser] Adding Command: configure
[2023-05-21 18:54:49Z INFO CommandLineParser] parsing argument
[2023-05-21 18:54:49Z INFO CommandLineParser] HasArgs: True
[2023-05-21 18:54:49Z INFO CommandLineParser] arg: url
[2023-05-21 18:54:49Z INFO CommandLineParser] parsing argument
[2023-05-21 18:54:49Z INFO CommandLineParser] HasArgs: True
[2023-05-21 18:54:49Z INFO CommandLineParser] Adding option 'url': 'https://github.com/akosparenko/github_actions_rtu'
[2023-05-21 18:54:49Z INFO CommandLineParser] parsing argument
[2023-05-21 18:54:49Z INFO CommandLineParser] HasArgs: True
[2023-05-21 18:54:49Z INFO CommandLineParser] arg: token
[2023-05-21 18:54:49Z INFO CommandLineParser] parsing argument
[2023-05-21 18:54:49Z INFO CommandLineParser] HasArgs: True
[2023-05-21 18:54:49Z INFO CommandLineParser] Adding option 'token': '***'
[2023-05-21 18:54:49Z INFO Listener] Arguments parsed
[2023-05-21 18:54:49Z INFO Runner] ExecuteCommand
[2023-05-21 18:54:49Z INFO ConfigurationStore] currentAssemblyLocation: C:\Users\akosp\Desktop\Programming\testing\github_actions_rtu\actions-runner\bin\Runner.Listener.dll
[2023-05-21 18:54:49Z INFO HostContext] Well known directory 'Bin': 'C:\Users\akosp\Desktop\Programming\testing\github_actions_rtu\actions-runner\bin'
[2023-05-21 18:54:49Z INFO ConfigurationStore] binPath: C:\Users\akosp\Desktop\Programming\testing\github_actions_rtu\actions-runner\bin
[2023-05-21 18:54:49Z INFO HostContext] Well known directory 'Bin': 'C:\Users\akosp\Desktop\Programming\testing\github_actions_rtu\actions-runner\bin'
[2023-05-21 18:54:49Z INFO HostContext] Well known directory 'Root': 'C:\Users\akosp\Desktop\Programming\testing\github_actions_rtu\actions-runner'
[2023-05-21 18:54:49Z INFO ConfigurationStore] RootFolder: C:\Users\akosp\Desktop\Programming\testing\github_actions_rtu\actions-runner
[2023-05-21 18:54:49Z INFO HostContext] Well known directory 'Bin': 'C:\Users\akosp\Desktop\Programming\testing\github_actions_rtu\actions-runner\bin'
[2023-05-21 18:54:49Z INFO HostContext] Well known directory 'Root': 'C:\Users\akosp\Desktop\Programming\testing\github_actions_rtu\actions-runner'
[2023-05-21 18:54:49Z INFO HostContext] Well known config file 'Runner': 'C:\Users\akosp\Desktop\Programming\testing\github_actions_rtu\actions-runner\.runner'
[2023-05-21 18:54:49Z INFO ConfigurationStore] ConfigFilePath: C:\Users\akosp\Desktop\Programming\testing\github_actions_rtu\actions-runner\.runner
[2023-05-21 18:54:49Z INFO HostContext] Well known directory 'Bin': 'C:\Users\akosp\Desktop\Programming\testing\github_actions_rtu\actions-runner\bin'
[2023-05-21 18:54:49Z INFO HostContext] Well known directory 'Root': 'C:\Users\akosp\Desktop\Programming\testing\github_actions_rtu\actions-runner'
[2023-05-21 18:54:49Z INFO HostContext] Well known config file 'Credentials': 'C:\Users\akosp\Desktop\Programming\testing\github_actions_rtu\actions-runner\.credentials'
[2023-05-21 18:54:49Z INFO ConfigurationStore] CredFilePath: C:\Users\akosp\Desktop\Programming\testing\github_actions_rtu\actions-runner\.credentials
[2023-05-21 18:54:49Z INFO HostContext] Well known directory 'Bin': 'C:\Users\akosp\Desktop\Programming\testing\github_actions_rtu\actions-runner\bin'
[2023-05-21 18:54:49Z INFO HostContext] Well known directory 'Root': 'C:\Users\akosp\Desktop\Programming\testing\github_actions_rtu\actions-runner'
[2023-05-21 18:54:49Z INFO HostContext] Well known config file 'MigratedCredentials': 'C:\Users\akosp\Desktop\Programming\testing\github_actions_rtu\actions-runner\.credentials_migrated'
[2023-05-21 18:54:49Z INFO ConfigurationStore] MigratedCredFilePath: C:\Users\akosp\Desktop\Programming\testing\github_actions_rtu\actions-runner\.credentials_migrated
[2023-05-21 18:54:49Z INFO HostContext] Well known directory 'Bin': 'C:\Users\akosp\Desktop\Programming\testing\github_actions_rtu\actions-runner\bin'
[2023-05-21 18:54:49Z INFO HostContext] Well known directory 'Root': 'C:\Users\akosp\Desktop\Programming\testing\github_actions_rtu\actions-runner'
[2023-05-21 18:54:49Z INFO HostContext] Well known config file 'Service': 'C:\Users\akosp\Desktop\Programming\testing\github_actions_rtu\actions-runner\.service'
[2023-05-21 18:54:49Z INFO ConfigurationStore] ServiceConfigFilePath: C:\Users\akosp\Desktop\Programming\testing\github_actions_rtu\actions-runner\.service
[2023-05-21 18:54:49Z INFO CommandSettings] Flag 'help': 'False'
[2023-05-21 18:54:49Z INFO CommandSettings] Flag 'version': 'False'
[2023-05-21 18:54:49Z INFO CommandSettings] Flag 'commit': 'False'
[2023-05-21 18:54:49Z INFO CommandSettings] Flag 'check': 'False'
[2023-05-21 18:54:49Z INFO CommandSettings] Command 'configure': 'True'
[2023-05-21 18:54:49Z INFO Terminal] WRITE LINE: 
[2023-05-21 18:54:49Z INFO Terminal] WRITE LINE: --------------------------------------------------------------------------------
[2023-05-21 18:54:49Z INFO Terminal] WRITE LINE: |        ____ _ _   _   _       _          _        _   _                      |
[2023-05-21 18:54:49Z INFO Terminal] WRITE LINE: |       / ___(_) |_| | | |_   _| |__      / \   ___| |_(_) ___  _ __  ___      |
[2023-05-21 18:54:49Z INFO Terminal] WRITE LINE: |      | |  _| | __| |_| | | | | '_ \    / _ \ / __| __| |/ _ \| '_ \/ __|     |
[2023-05-21 18:54:49Z INFO Terminal] WRITE LINE: |      | |_| | | |_|  _  | |_| | |_) |  / ___ \ (__| |_| | (_) | | | \__ \     |
[2023-05-21 18:54:49Z INFO Terminal] WRITE LINE: |       \____|_|\__|_| |_|\__,_|_.__/  /_/   \_\___|\__|_|\___/|_| |_|___/     |
[2023-05-21 18:54:49Z INFO Terminal] WRITE LINE: |                                                                              |
[2023-05-21 18:54:49Z INFO Terminal] WRITE: |                       
[2023-05-21 18:54:49Z INFO Terminal] WRITE: Self-hosted runner registration
[2023-05-21 18:54:49Z INFO Terminal] WRITE LINE:                         |
[2023-05-21 18:54:49Z INFO Terminal] WRITE LINE: |                                                                              |
[2023-05-21 18:54:49Z INFO Terminal] WRITE LINE: --------------------------------------------------------------------------------
[2023-05-21 18:54:49Z INFO ConfigurationManager] ConfigureAsync
[2023-05-21 18:54:49Z INFO CommandSettings] Flag 'generateServiceConfig': 'False'
[2023-05-21 18:54:49Z INFO ConfigurationStore] IsConfigured()
[2023-05-21 18:54:49Z INFO ConfigurationStore] IsConfigured: False
[2023-05-21 18:54:49Z INFO ConfigurationManager] Is configured: False
[2023-05-21 18:54:49Z INFO CommandSettings] Arg 'url': 'https://github.com/akosparenko/github_actions_rtu'
[2023-05-21 18:54:49Z INFO CommandSettings] Remove url from Arg dictionary.
[2023-05-21 18:54:49Z INFO CommandSettings] Arg 'token': '***'
[2023-05-21 18:54:49Z INFO CommandSettings] Remove token from Arg dictionary.
[2023-05-21 18:54:49Z INFO ConfigurationManager] Http response code: OK from 'POST https://api.github.com/actions/runner-registration' (C511:C786:9A5BB20:9C002E2:646A68FA)
[2023-05-21 18:54:49Z INFO Terminal] WRITE LINE: Using V2 flow: False
[2023-05-21 18:54:49Z INFO ConfigurationManager] cred retrieved via GitHub auth
[2023-05-21 18:54:49Z INFO RunnerServer] EstablishVssConnection
[2023-05-21 18:54:49Z INFO RunnerServer] Establish connection with 100 seconds timeout.
[2023-05-21 18:54:50Z INFO GitHubActionsService] Starting operation Location.GetConnectionData
[2023-05-21 18:54:50Z INFO RunnerServer] EstablishVssConnection
[2023-05-21 18:54:50Z INFO RunnerServer] Establish connection with 60 seconds timeout.
[2023-05-21 18:54:50Z INFO GitHubActionsService] Starting operation Location.GetConnectionData
[2023-05-21 18:54:50Z INFO RunnerServer] EstablishVssConnection
[2023-05-21 18:54:50Z INFO RunnerServer] Establish connection with 60 seconds timeout.
[2023-05-21 18:54:50Z INFO GitHubActionsService] Starting operation Location.GetConnectionData
[2023-05-21 18:54:50Z INFO GitHubActionsService] Finished operation Location.GetConnectionData
[2023-05-21 18:54:50Z INFO GitHubActionsService] Finished operation Location.GetConnectionData
[2023-05-21 18:54:50Z INFO GitHubActionsService] Finished operation Location.GetConnectionData
[2023-05-21 18:54:50Z INFO Terminal] WRITE LINE: 
[2023-05-21 18:54:50Z INFO ConfigurationManager] Test Connection complete.
[2023-05-21 18:54:50Z INFO HostContext] Well known directory 'Bin': 'C:\Users\akosp\Desktop\Programming\testing\github_actions_rtu\actions-runner\bin'
[2023-05-21 18:54:50Z INFO HostContext] Well known directory 'Root': 'C:\Users\akosp\Desktop\Programming\testing\github_actions_rtu\actions-runner'
[2023-05-21 18:54:50Z INFO HostContext] Well known config file 'RSACredentials': 'C:\Users\akosp\Desktop\Programming\testing\github_actions_rtu\actions-runner\.credentials_rsaparams'
[2023-05-21 18:54:50Z INFO RSAEncryptedFileKeyManager] Creating new RSA key using 2048-bit key length
[2023-05-21 18:54:50Z INFO RSAEncryptedFileKeyManager] Successfully saved RSA key parameters to file C:\Users\akosp\Desktop\Programming\testing\github_actions_rtu\actions-runner\.credentials_rsaparams
[2023-05-21 18:54:51Z INFO CommandSettings] Arg 'runnergroup': ''
[2023-05-21 18:54:51Z INFO CommandSettings] Flag 'unattended': 'False'
[2023-05-21 18:54:51Z INFO PromptManager] ReadValue
[2023-05-21 18:54:51Z INFO Terminal] WRITE: Enter the name of the runner group to add this runner to: 
[2023-05-21 18:54:51Z INFO Terminal] WRITE: [press Enter for Default] 
[2023-05-21 18:54:51Z INFO Terminal] READ LINE
[2023-05-21 18:54:55Z INFO Terminal] Read value: './run.cmd'
[2023-05-21 18:54:55Z INFO Terminal] WRITE LINE: 
[2023-05-21 18:54:55Z ERR  Runner] GitHub.DistributedTask.WebApi.TaskAgentPoolNotFoundException: Could not find any self-hosted runner group named "./run.cmd".
   at GitHub.Runner.Listener.Configuration.ConfigurationManager.ConfigureAsync(CommandSettings command)
   at GitHub.Runner.Listener.Runner.ExecuteCommand(CommandSettings command)
[2023-05-21 18:54:55Z ERR  Terminal] WRITE ERROR: Could not find any self-hosted runner group named "./run.cmd".
[2023-05-21 18:54:55Z INFO Listener] Runner execution has finished with return code 1
