[2023-05-21 15:44:16Z INFO HostContext] No proxy settings were found based on environmental variables (http_proxy/https_proxy/HTTP_PROXY/HTTPS_PROXY)
[2023-05-21 15:44:16Z INFO HostContext] Well known directory 'Bin': 'C:\Users\akosp\Desktop\Programming\testing\github_actions_rtu\actions-runner\bin'
[2023-05-21 15:44:16Z INFO HostContext] Well known directory 'Root': 'C:\Users\akosp\Desktop\Programming\testing\github_actions_rtu\actions-runner'
[2023-05-21 15:44:16Z INFO HostContext] Well known config file 'Credentials': 'C:\Users\akosp\Desktop\Programming\testing\github_actions_rtu\actions-runner\.credentials'
[2023-05-21 15:44:17Z INFO HostContext] Well known directory 'Bin': 'C:\Users\akosp\Desktop\Programming\testing\github_actions_rtu\actions-runner\bin'
[2023-05-21 15:44:17Z INFO HostContext] Well known directory 'Root': 'C:\Users\akosp\Desktop\Programming\testing\github_actions_rtu\actions-runner'
[2023-05-21 15:44:17Z INFO HostContext] Well known config file 'Runner': 'C:\Users\akosp\Desktop\Programming\testing\github_actions_rtu\actions-runner\.runner'
[2023-05-21 15:44:17Z INFO Worker] Version: 2.304.0
[2023-05-21 15:44:17Z INFO Worker] Commit: 9ef4121b5b31ee5c03b7770288213d741081f747
[2023-05-21 15:44:17Z INFO Worker] Culture: en-US
[2023-05-21 15:44:17Z INFO Worker] UI Culture: en-US
[2023-05-21 15:44:17Z INFO Worker] Waiting to receive the job message from the channel.
[2023-05-21 15:44:17Z INFO ProcessChannel] Receiving message of length 20902, with hash '6c680e475174bb26e35e7738172eace6d07f2301bd4f86619a36429965ed50e4'
[2023-05-21 15:44:17Z INFO Worker] Message received.
[2023-05-21 15:44:17Z INFO Worker] Job message:
 {
  "fileTable": [
    ".github/workflows/python-greetings.yml"
  ],
  "mask": [
    {
      "type": "regex",
      "value": "***"
    },
    {
      "type": "regex",
      "value": "***"
    },
    {
      "type": "regex",
      "value": "***"
    },
    {
      "type": "regex",
      "value": "***"
    },
    {
      "type": "regex",
      "value": "***"
    },
    {
      "type": "regex",
      "value": "***"
    },
    {
      "type": "regex",
      "value": "***"
    },
    {
      "type": "regex",
      "value": "***"
    },
    {
      "type": "regex",
      "value": "***"
    },
    {
      "type": "regex",
      "value": "***"
    }
  ],
  "steps": [
    {
      "type": "action",
      "reference": {
        "type": "script"
      },
      "contextName": "__run",
      "inputs": {
        "type": 2,
        "map": [
          {
            "key": "script",
            "value": {
              "type": 0,
              "file": 1,
              "line": 35,
              "col": 14,
              "lit": "echo Deploying to STAGING"
            }
          }
        ]
      },
      "condition": "success()",
      "id": "81d43a28-32d1-50d7-771f-9baba907242c",
      "name": "__run"
    }
  ],
  "variables": {
    "system.isScheduled": {
      "value": "False"
    },
    "system.servertype": {
      "value": "Hosted"
    },
    "system.culture": {
      "value": ""
    },
    "system.pipelineStartTime": {
      "value": "2023-05-21 15:44:10+00:00"
    },
    "system.runner.lowdiskspacethreshold": {
      "value": "100"
    },
    "DistributedTask.NewActionMetadata": {
      "value": "true"
    },
    "DistributedTask.EnableCompositeActions": {
      "value": "true"
    },
    "DistributedTask.EnhancedAnnotations": {
      "value": "true"
    },
    "DistributedTask.UploadStepSummary": {
      "value": "true"
    },
    "DistributedTask.AddWarningToNode12Action": {
      "value": "true"
    },
    "DistributedTask.AllowRunnerContainerHooks": {
      "value": "true"
    },
    "DistributedTask.DeprecateStepOutputCommands": {
      "value": "true"
    },
    "system.teamProjectId": {
      "value": "00000000-0000-0000-0000-000000000000"
    },
    "build.buildId": {
      "value": "3"
    },
    "build.containerId": {
      "value": "1854885"
    },
    "system.workflowFilePath": {
      "value": ".github/workflows/python-greetings.yml"
    },
    "system.phaseDisplayName": {
      "value": "deploy-to-staging"
    },
    "system.phaseId": {
      "value": "b51ebcae-5fd5-5a29-777c-57b01aa70c44"
    },
    "system.phaseName": {
      "value": "deploy-to-staging"
    },
    "system.phaseAttempt": {
      "value": "1"
    },
    "system.jobIdentifier": {
      "value": "deploy-to-staging.__default"
    },
    "system.jobAttempt": {
      "value": "1"
    },
    "System.JobPositionInPhase": {
      "value": "1"
    },
    "System.TotalJobsInPhase": {
      "value": "1"
    },
    "system.github.job": {
      "value": "deploy-to-staging"
    },
    "system.jobDisplayName": {
      "value": "deploy-to-staging"
    },
    "system.jobId": {
      "value": "e76e805c-c5b4-5497-df08-887f4d6f9b83"
    },
    "system.jobName": {
      "value": "__default"
    },
    "system.github.token.permissions": {
      "value": "{\"Contents\":\"read\",\"Metadata\":\"read\",\"Packages\":\"read\"}"
    },
    "system.github.token": {
      "value": "***",
      "isSecret": true
    },
    "system.orchestrationId": {
      "value": "dd2b224f-47d3-4686-9c00-c5ef583ed52c.deploy-to-staging.__default"
    },
    "system.runnerGroupName": {
      "value": "Default"
    }
  },
  "messageType": "PipelineAgentJobRequest",
  "plan": {
    "scopeIdentifier": "00000000-0000-0000-0000-000000000000",
    "planType": "Actions",
    "version": 31,
    "planId": "dd2b224f-47d3-4686-9c00-c5ef583ed52c",
    "planGroup": "Actions:00000000-0000-0000-0000-000000000000:1",
    "artifactUri": "vstfs:///Build/Build/3",
    "artifactLocation": null,
    "definition": {
      "_links": {},
      "id": 3,
      "name": "github_actions_rtu"
    },
    "owner": {
      "_links": {},
      "id": 3,
      "name": "akosparenko"
    }
  },
  "timeline": {
    "id": "dd2b224f-47d3-4686-9c00-c5ef583ed52c",
    "changeId": 0,
    "location": null
  },
  "jobId": "e76e805c-c5b4-5497-df08-887f4d6f9b83",
  "jobDisplayName": "deploy-to-staging",
  "jobName": "__default",
  "requestId": 7,
  "lockedUntil": "0001-01-01T00:00:00",
  "resources": {
    "endpoints": [
      {
        "data": {
          "ServerId": "def17596-12a2-4f84-a546-babb4b8ce460",
          "ServerName": "W4n4zUjpBHuGRnBhnhtYmaBcgYxIrrMLzUa02muoSI4xAWJCYG",
          "CacheServerUrl": "https://artifactcache.actions.githubusercontent.com/W4n4zUjpBHuGRnBhnhtYmaBcgYxIrrMLzUa02muoSI4xAWJCYG/",
          "FeedStreamUrl": "https://pipelines.actions.githubusercontent.com/W4n4zUjpBHuGRnBhnhtYmaBcgYxIrrMLzUa02muoSI4xAWJCYG/00000000-0000-0000-0000-000000000000/_apis/distributedtask/hubs/Actions/plans/dd2b224f-47d3-4686-9c00-c5ef583ed52c/timelines/dd2b224f-47d3-4686-9c00-c5ef583ed52c/records/e76e805c-c5b4-5497-df08-887f4d6f9b83/feedstream?api-version=6.0-preview"
        },
        "name": "SystemVssConnection",
        "url": "https://pipelines.actions.githubusercontent.com/W4n4zUjpBHuGRnBhnhtYmaBcgYxIrrMLzUa02muoSI4xAWJCYG/",
        "authorization": {
          "parameters": {
            "AccessToken": ***
          },
          "scheme": "OAuth"
        },
        "isShared": false,
        "isReady": true
      }
    ]
  },
  "contextData": {
    "github": {
      "t": 2,
      "d": [
        {
          "k": "ref",
          "v": "refs/heads/master"
        },
        {
          "k": "sha",
          "v": "888f9e702f24bcc72623eea38e89a6c22d66c89b"
        },
        {
          "k": "repository",
          "v": "akosparenko/github_actions_rtu"
        },
        {
          "k": "repository_owner",
          "v": "akosparenko"
        },
        {
          "k": "repository_owner_id",
          "v": "69088833"
        },
        {
          "k": "repositoryUrl",
          "v": "git://github.com/akosparenko/github_actions_rtu.git"
        },
        {
          "k": "run_id",
          "v": "5038471701"
        },
        {
          "k": "run_number",
          "v": "5"
        },
        {
          "k": "retention_days",
          "v": "90"
        },
        {
          "k": "run_attempt",
          "v": "1"
        },
        {
          "k": "artifact_cache_size_limit",
          "v": "10"
        },
        {
          "k": "repository_visibility",
          "v": "private"
        },
        {
          "k": "repository_id",
          "v": "643341685"
        },
        {
          "k": "actor_id",
          "v": "69088833"
        },
        {
          "k": "actor",
          "v": "akosparenko"
        },
        {
          "k": "triggering_actor",
          "v": "akosparenko"
        },
        {
          "k": "workflow",
          "v": "CI"
        },
        {
          "k": "head_ref",
          "v": ""
        },
        {
          "k": "base_ref",
          "v": ""
        },
        {
          "k": "event_name",
          "v": "push"
        },
        {
          "k": "event",
          "v": {
            "t": 2,
            "d": [
              {
                "k": "after",
                "v": "888f9e702f24bcc72623eea38e89a6c22d66c89b"
              },
              {
                "k": "base_ref",
                "v": null
              },
              {
                "k": "before",
                "v": "97c315add0651915e685c297820b90b36e41a1c7"
              },
              {
                "k": "commits",
                "v": {
                  "t": 1,
                  "a": [
                    {
                      "t": 2,
                      "d": [
                        {
                          "k": "author",
                          "v": {
                            "t": 2,
                            "d": [
                              {
                                "k": "email",
                                "v": "akosparenko@gmail.com"
                              },
                              {
                                "k": "name",
                                "v": "Arturs Kosparenko"
                              },
                              {
                                "k": "username",
                                "v": "akosparenko"
                              }
                            ]
                          }
                        },
                        {
                          "k": "committer",
                          "v": {
                            "t": 2,
                            "d": [
                              {
                                "k": "email",
                                "v": "akosparenko@gmail.com"
                              },
                              {
                                "k": "name",
                                "v": "Arturs Kosparenko"
                              },
                              {
                                "k": "username",
                                "v": "akosparenko"
                              }
                            ]
                          }
                        },
                        {
                          "k": "distinct",
                          "v": true
                        },
                        {
                          "k": "id",
                          "v": "888f9e702f24bcc72623eea38e89a6c22d66c89b"
                        },
                        {
                          "k": "message",
                          "v": "next"
                        },
                        {
                          "k": "timestamp",
                          "v": "2023-05-21T18:43:19+03:00"
                        },
                        {
                          "k": "tree_id",
                          "v": "f571cbbfadac32f786a5a66f266912216fbdfaf4"
                        },
                        {
                          "k": "url",
                          "v": "https://github.com/akosparenko/github_actions_rtu/commit/888f9e702f24bcc72623eea38e89a6c22d66c89b"
                        }
                      ]
                    }
                  ]
                }
              },
              {
                "k": "compare",
                "v": "https://github.com/akosparenko/github_actions_rtu/compare/97c315add065...888f9e702f24"
              },
              {
                "k": "created",
                "v": false
              },
              {
                "k": "deleted",
                "v": false
              },
              {
                "k": "forced",
                "v": false
              },
              {
                "k": "head_commit",
                "v": {
                  "t": 2,
                  "d": [
                    {
                      "k": "author",
                      "v": {
                        "t": 2,
                        "d": [
                          {
                            "k": "email",
                            "v": "akosparenko@gmail.com"
                          },
                          {
                            "k": "name",
                            "v": "Arturs Kosparenko"
                          },
                          {
                            "k": "username",
                            "v": "akosparenko"
                          }
                        ]
                      }
                    },
                    {
                      "k": "committer",
                      "v": {
                        "t": 2,
                        "d": [
                          {
                            "k": "email",
                            "v": "akosparenko@gmail.com"
                          },
                          {
                            "k": "name",
                            "v": "Arturs Kosparenko"
                          },
                          {
                            "k": "username",
                            "v": "akosparenko"
                          }
                        ]
                      }
                    },
                    {
                      "k": "distinct",
                      "v": true
                    },
                    {
                      "k": "id",
                      "v": "888f9e702f24bcc72623eea38e89a6c22d66c89b"
                    },
                    {
                      "k": "message",
                      "v": "next"
                    },
                    {
                      "k": "timestamp",
                      "v": "2023-05-21T18:43:19+03:00"
                    },
                    {
                      "k": "tree_id",
                      "v": "f571cbbfadac32f786a5a66f266912216fbdfaf4"
                    },
                    {
                      "k": "url",
                      "v": "https://github.com/akosparenko/github_actions_rtu/commit/888f9e702f24bcc72623eea38e89a6c22d66c89b"
                    }
                  ]
                }
              },
              {
                "k": "pusher",
                "v": {
                  "t": 2,
                  "d": [
                    {
                      "k": "email",
                      "v": "69088833+akosparenko@users.noreply.github.com"
                    },
                    {
                      "k": "name",
                      "v": "akosparenko"
                    }
                  ]
                }
              },
              {
                "k": "ref",
                "v": "refs/heads/master"
              },
              {
                "k": "repository",
                "v": {
                  "t": 2,
                  "d": [
                    {
                      "k": "allow_forking",
                      "v": true
                    },
                    {
                      "k": "archive_url",
                      "v": "https://api.github.com/repos/akosparenko/github_actions_rtu/{archive_format}{/ref}"
                    },
                    {
                      "k": "archived",
                      "v": false
                    },
                    {
                      "k": "assignees_url",
                      "v": "https://api.github.com/repos/akosparenko/github_actions_rtu/assignees{/user}"
                    },
                    {
                      "k": "blobs_url",
                      "v": "https://api.github.com/repos/akosparenko/github_actions_rtu/git/blobs{/sha}"
                    },
                    {
                      "k": "branches_url",
                      "v": "https://api.github.com/repos/akosparenko/github_actions_rtu/branches{/branch}"
                    },
                    {
                      "k": "clone_url",
                      "v": "https://github.com/akosparenko/github_actions_rtu.git"
                    },
                    {
                      "k": "collaborators_url",
                      "v": "https://api.github.com/repos/akosparenko/github_actions_rtu/collaborators{/collaborator}"
                    },
                    {
                      "k": "comments_url",
                      "v": "https://api.github.com/repos/akosparenko/github_actions_rtu/comments{/number}"
                    },
                    {
                      "k": "commits_url",
                      "v": "https://api.github.com/repos/akosparenko/github_actions_rtu/commits{/sha}"
                    },
                    {
                      "k": "compare_url",
                      "v": "https://api.github.com/repos/akosparenko/github_actions_rtu/compare/{base}...{head}"
                    },
                    {
                      "k": "contents_url",
                      "v": "https://api.github.com/repos/akosparenko/github_actions_rtu/contents/{+path}"
                    },
                    {
                      "k": "contributors_url",
                      "v": "https://api.github.com/repos/akosparenko/github_actions_rtu/contributors"
                    },
                    {
                      "k": "created_at",
                      "v": 1684617204.0
                    },
                    {
                      "k": "default_branch",
                      "v": "master"
                    },
                    {
                      "k": "deployments_url",
                      "v": "https://api.github.com/repos/akosparenko/github_actions_rtu/deployments"
                    },
                    {
                      "k": "description",
                      "v": null
                    },
                    {
                      "k": "disabled",
                      "v": false
                    },
                    {
                      "k": "downloads_url",
                      "v": "https://api.github.com/repos/akosparenko/github_actions_rtu/downloads"
                    },
                    {
                      "k": "events_url",
                      "v": "https://api.github.com/repos/akosparenko/github_actions_rtu/events"
                    },
                    {
                      "k": "fork",
                      "v": false
                    },
                    {
                      "k": "forks",
                      "v": 0.0
                    },
                    {
                      "k": "forks_count",
                      "v": 0.0
                    },
                    {
                      "k": "forks_url",
                      "v": "https://api.github.com/repos/akosparenko/github_actions_rtu/forks"
                    },
                    {
                      "k": "full_name",
                      "v": "akosparenko/github_actions_rtu"
                    },
                    {
                      "k": "git_commits_url",
                      "v": "https://api.github.com/repos/akosparenko/github_actions_rtu/git/commits{/sha}"
                    },
                    {
                      "k": "git_refs_url",
                      "v": "https://api.github.com/repos/akosparenko/github_actions_rtu/git/refs{/sha}"
                    },
                    {
                      "k": "git_tags_url",
                      "v": "https://api.github.com/repos/akosparenko/github_actions_rtu/git/tags{/sha}"
                    },
                    {
                      "k": "git_url",
                      "v": "git://github.com/akosparenko/github_actions_rtu.git"
                    },
                    {
                      "k": "has_discussions",
                      "v": false
                    },
                    {
                      "k": "has_downloads",
                      "v": true
                    },
                    {
                      "k": "has_issues",
                      "v": true
                    },
                    {
                      "k": "has_pages",
                      "v": false
                    },
                    {
                      "k": "has_projects",
                      "v": true
                    },
                    {
                      "k": "has_wiki",
                      "v": false
                    },
                    {
                      "k": "homepage",
                      "v": null
                    },
                    {
                      "k": "hooks_url",
                      "v": "https://api.github.com/repos/akosparenko/github_actions_rtu/hooks"
                    },
                    {
                      "k": "html_url",
                      "v": "https://github.com/akosparenko/github_actions_rtu"
                    },
                    {
                      "k": "id",
                      "v": 643341685.0
                    },
                    {
                      "k": "is_template",
                      "v": false
                    },
                    {
                      "k": "issue_comment_url",
                      "v": "https://api.github.com/repos/akosparenko/github_actions_rtu/issues/comments{/number}"
                    },
                    {
                      "k": "issue_events_url",
                      "v": "https://api.github.com/repos/akosparenko/github_actions_rtu/issues/events{/number}"
                    },
                    {
                      "k": "issues_url",
                      "v": "https://api.github.com/repos/akosparenko/github_actions_rtu/issues{/number}"
                    },
                    {
                      "k": "keys_url",
                      "v": "https://api.github.com/repos/akosparenko/github_actions_rtu/keys{/key_id}"
                    },
                    {
                      "k": "labels_url",
                      "v": "https://api.github.com/repos/akosparenko/github_actions_rtu/labels{/name}"
                    },
                    {
                      "k": "language",
                      "v": "JavaScript"
                    },
                    {
                      "k": "languages_url",
                      "v": "https://api.github.com/repos/akosparenko/github_actions_rtu/languages"
                    },
                    {
                      "k": "license",
                      "v": null
                    },
                    {
                      "k": "master_branch",
                      "v": "master"
                    },
                    {
                      "k": "merges_url",
                      "v": "https://api.github.com/repos/akosparenko/github_actions_rtu/merges"
                    },
                    {
                      "k": "milestones_url",
                      "v": "https://api.github.com/repos/akosparenko/github_actions_rtu/milestones{/number}"
                    },
                    {
                      "k": "mirror_url",
                      "v": null
                    },
                    {
                      "k": "name",
                      "v": "github_actions_rtu"
                    },
                    {
                      "k": "node_id",
                      "v": "R_kgDOJliddQ"
                    },
                    {
                      "k": "notifications_url",
                      "v": "https://api.github.com/repos/akosparenko/github_actions_rtu/notifications{?since,all,participating}"
                    },
                    {
                      "k": "open_issues",
                      "v": 0.0
                    },
                    {
                      "k": "open_issues_count",
                      "v": 0.0
                    },
                    {
                      "k": "owner",
                      "v": {
                        "t": 2,
                        "d": [
                          {
                            "k": "avatar_url",
                            "v": "https://avatars.githubusercontent.com/u/69088833?v=4"
                          },
                          {
                            "k": "email",
                            "v": "69088833+akosparenko@users.noreply.github.com"
                          },
                          {
                            "k": "events_url",
                            "v": "https://api.github.com/users/akosparenko/events{/privacy}"
                          },
                          {
                            "k": "followers_url",
                            "v": "https://api.github.com/users/akosparenko/followers"
                          },
                          {
                            "k": "following_url",
                            "v": "https://api.github.com/users/akosparenko/following{/other_user}"
                          },
                          {
                            "k": "gists_url",
                            "v": "https://api.github.com/users/akosparenko/gists{/gist_id}"
                          },
                          {
                            "k": "gravatar_id",
                            "v": ""
                          },
                          {
                            "k": "html_url",
                            "v": "https://github.com/akosparenko"
                          },
                          {
                            "k": "id",
                            "v": 69088833.0
                          },
                          {
                            "k": "login",
                            "v": "akosparenko"
                          },
                          {
                            "k": "name",
                            "v": "akosparenko"
                          },
                          {
                            "k": "node_id",
                            "v": "MDQ6VXNlcjY5MDg4ODMz"
                          },
                          {
                            "k": "organizations_url",
                            "v": "https://api.github.com/users/akosparenko/orgs"
                          },
                          {
                            "k": "received_events_url",
                            "v": "https://api.github.com/users/akosparenko/received_events"
                          },
                          {
                            "k": "repos_url",
                            "v": "https://api.github.com/users/akosparenko/repos"
                          },
                          {
                            "k": "site_admin",
                            "v": false
                          },
                          {
                            "k": "starred_url",
                            "v": "https://api.github.com/users/akosparenko/starred{/owner}{/repo}"
                          },
                          {
                            "k": "subscriptions_url",
                            "v": "https://api.github.com/users/akosparenko/subscriptions"
                          },
                          {
                            "k": "type",
                            "v": "User"
                          },
                          {
                            "k": "url",
                            "v": "https://api.github.com/users/akosparenko"
                          }
                        ]
                      }
                    },
                    {
                      "k": "private",
                      "v": true
                    },
                    {
                      "k": "pulls_url",
                      "v": "https://api.github.com/repos/akosparenko/github_actions_rtu/pulls{/number}"
                    },
                    {
                      "k": "pushed_at",
                      "v": 1684683797.0
                    },
                    {
                      "k": "releases_url",
                      "v": "https://api.github.com/repos/akosparenko/github_actions_rtu/releases{/id}"
                    },
                    {
                      "k": "size",
                      "v": 2.0
                    },
                    {
                      "k": "ssh_url",
                      "v": "git@github.com:akosparenko/github_actions_rtu.git"
                    },
                    {
                      "k": "stargazers",
                      "v": 0.0
                    },
                    {
                      "k": "stargazers_count",
                      "v": 0.0
                    },
                    {
                      "k": "stargazers_url",
                      "v": "https://api.github.com/repos/akosparenko/github_actions_rtu/stargazers"
                    },
                    {
                      "k": "statuses_url",
                      "v": "https://api.github.com/repos/akosparenko/github_actions_rtu/statuses/{sha}"
                    },
                    {
                      "k": "subscribers_url",
                      "v": "https://api.github.com/repos/akosparenko/github_actions_rtu/subscribers"
                    },
                    {
                      "k": "subscription_url",
                      "v": "https://api.github.com/repos/akosparenko/github_actions_rtu/subscription"
                    },
                    {
                      "k": "svn_url",
                      "v": "https://github.com/akosparenko/github_actions_rtu"
                    },
                    {
                      "k": "tags_url",
                      "v": "https://api.github.com/repos/akosparenko/github_actions_rtu/tags"
                    },
                    {
                      "k": "teams_url",
                      "v": "https://api.github.com/repos/akosparenko/github_actions_rtu/teams"
                    },
                    {
                      "k": "topics",
                      "v": {
                        "t": 1
                      }
                    },
                    {
                      "k": "trees_url",
                      "v": "https://api.github.com/repos/akosparenko/github_actions_rtu/git/trees{/sha}"
                    },
                    {
                      "k": "updated_at",
                      "v": "2023-05-21T15:42:04Z"
                    },
                    {
                      "k": "url",
                      "v": "https://github.com/akosparenko/github_actions_rtu"
                    },
                    {
                      "k": "visibility",
                      "v": "private"
                    },
                    {
                      "k": "watchers",
                      "v": 0.0
                    },
                    {
                      "k": "watchers_count",
                      "v": 0.0
                    },
                    {
                      "k": "web_commit_signoff_required",
                      "v": false
                    }
                  ]
                }
              },
              {
                "k": "sender",
                "v": {
                  "t": 2,
                  "d": [
                    {
                      "k": "avatar_url",
                      "v": "https://avatars.githubusercontent.com/u/69088833?v=4"
                    },
                    {
                      "k": "events_url",
                      "v": "https://api.github.com/users/akosparenko/events{/privacy}"
                    },
                    {
                      "k": "followers_url",
                      "v": "https://api.github.com/users/akosparenko/followers"
                    },
                    {
                      "k": "following_url",
                      "v": "https://api.github.com/users/akosparenko/following{/other_user}"
                    },
                    {
                      "k": "gists_url",
                      "v": "https://api.github.com/users/akosparenko/gists{/gist_id}"
                    },
                    {
                      "k": "gravatar_id",
                      "v": ""
                    },
                    {
                      "k": "html_url",
                      "v": "https://github.com/akosparenko"
                    },
                    {
                      "k": "id",
                      "v": 69088833.0
                    },
                    {
                      "k": "login",
                      "v": "akosparenko"
                    },
                    {
                      "k": "node_id",
                      "v": "MDQ6VXNlcjY5MDg4ODMz"
                    },
                    {
                      "k": "organizations_url",
                      "v": "https://api.github.com/users/akosparenko/orgs"
                    },
                    {
                      "k": "received_events_url",
                      "v": "https://api.github.com/users/akosparenko/received_events"
                    },
                    {
                      "k": "repos_url",
                      "v": "https://api.github.com/users/akosparenko/repos"
                    },
                    {
                      "k": "site_admin",
                      "v": false
                    },
                    {
                      "k": "starred_url",
                      "v": "https://api.github.com/users/akosparenko/starred{/owner}{/repo}"
                    },
                    {
                      "k": "subscriptions_url",
                      "v": "https://api.github.com/users/akosparenko/subscriptions"
                    },
                    {
                      "k": "type",
                      "v": "User"
                    },
                    {
                      "k": "url",
                      "v": "https://api.github.com/users/akosparenko"
                    }
                  ]
                }
              }
            ]
          }
        },
        {
          "k": "server_url",
          "v": "https://github.com"
        },
        {
          "k": "api_url",
          "v": "https://api.github.com"
        },
        {
          "k": "graphql_url",
          "v": "https://api.github.com/graphql"
        },
        {
          "k": "ref_name",
          "v": "master"
        },
        {
          "k": "ref_protected",
          "v": false
        },
        {
          "k": "ref_type",
          "v": "branch"
        },
        {
          "k": "secret_source",
          "v": "Actions"
        },
        {
          "k": "workflow_ref",
          "v": "akosparenko/github_actions_rtu/.github/workflows/python-greetings.yml@refs/heads/master"
        },
        {
          "k": "workflow_sha",
          "v": "888f9e702f24bcc72623eea38e89a6c22d66c89b"
        }
      ]
    },
    "partialrerun": false,
    "needs": {
      "t": 2,
      "d": [
        {
          "k": "install-pip-deps",
          "v": {
            "t": 2,
            "d": [
              {
                "k": "result",
                "v": "success"
              },
              {
                "k": "outputs",
                "v": {
                  "t": 2
                }
              }
            ]
          }
        },
        {
          "k": "deploy-to-dev",
          "v": {
            "t": 2,
            "d": [
              {
                "k": "result",
                "v": "success"
              },
              {
                "k": "outputs",
                "v": {
                  "t": 2
                }
              }
            ]
          }
        },
        {
          "k": "tests-on-dev",
          "v": {
            "t": 2,
            "d": [
              {
                "k": "result",
                "v": "success"
              },
              {
                "k": "outputs",
                "v": {
                  "t": 2
                }
              }
            ]
          }
        }
      ]
    },
    "vars": null,
    "inputs": {
      "t": 2
    },
    "matrix": null,
    "strategy": {
      "t": 2,
      "d": [
        {
          "k": "fail-fast",
          "v": true
        },
        {
          "k": "job-index",
          "v": 0.0
        },
        {
          "k": "job-total",
          "v": 1.0
        },
        {
          "k": "max-parallel",
          "v": 1.0
        }
      ]
    }
  }
}
[2023-05-21 15:44:17Z INFO JobRunner] Job ID e76e805c-c5b4-5497-df08-887f4d6f9b83
[2023-05-21 15:44:17Z INFO JobRunner] Creating job server with URL: https://pipelines.actions.githubusercontent.com/W4n4zUjpBHuGRnBhnhtYmaBcgYxIrrMLzUa02muoSI4xAWJCYG/
[2023-05-21 15:44:17Z INFO ConfigurationStore] currentAssemblyLocation: C:\Users\akosp\Desktop\Programming\testing\github_actions_rtu\actions-runner\bin\Runner.Worker.dll
[2023-05-21 15:44:17Z INFO HostContext] Well known directory 'Bin': 'C:\Users\akosp\Desktop\Programming\testing\github_actions_rtu\actions-runner\bin'
[2023-05-21 15:44:17Z INFO ConfigurationStore] binPath: C:\Users\akosp\Desktop\Programming\testing\github_actions_rtu\actions-runner\bin
[2023-05-21 15:44:17Z INFO HostContext] Well known directory 'Bin': 'C:\Users\akosp\Desktop\Programming\testing\github_actions_rtu\actions-runner\bin'
[2023-05-21 15:44:17Z INFO HostContext] Well known directory 'Root': 'C:\Users\akosp\Desktop\Programming\testing\github_actions_rtu\actions-runner'
[2023-05-21 15:44:17Z INFO ConfigurationStore] RootFolder: C:\Users\akosp\Desktop\Programming\testing\github_actions_rtu\actions-runner
[2023-05-21 15:44:17Z INFO HostContext] Well known directory 'Bin': 'C:\Users\akosp\Desktop\Programming\testing\github_actions_rtu\actions-runner\bin'
[2023-05-21 15:44:17Z INFO HostContext] Well known directory 'Root': 'C:\Users\akosp\Desktop\Programming\testing\github_actions_rtu\actions-runner'
[2023-05-21 15:44:17Z INFO HostContext] Well known config file 'Runner': 'C:\Users\akosp\Desktop\Programming\testing\github_actions_rtu\actions-runner\.runner'
[2023-05-21 15:44:17Z INFO ConfigurationStore] ConfigFilePath: C:\Users\akosp\Desktop\Programming\testing\github_actions_rtu\actions-runner\.runner
[2023-05-21 15:44:17Z INFO HostContext] Well known directory 'Bin': 'C:\Users\akosp\Desktop\Programming\testing\github_actions_rtu\actions-runner\bin'
[2023-05-21 15:44:17Z INFO HostContext] Well known directory 'Root': 'C:\Users\akosp\Desktop\Programming\testing\github_actions_rtu\actions-runner'
[2023-05-21 15:44:17Z INFO HostContext] Well known config file 'Credentials': 'C:\Users\akosp\Desktop\Programming\testing\github_actions_rtu\actions-runner\.credentials'
[2023-05-21 15:44:17Z INFO ConfigurationStore] CredFilePath: C:\Users\akosp\Desktop\Programming\testing\github_actions_rtu\actions-runner\.credentials
[2023-05-21 15:44:17Z INFO HostContext] Well known directory 'Bin': 'C:\Users\akosp\Desktop\Programming\testing\github_actions_rtu\actions-runner\bin'
[2023-05-21 15:44:17Z INFO HostContext] Well known directory 'Root': 'C:\Users\akosp\Desktop\Programming\testing\github_actions_rtu\actions-runner'
[2023-05-21 15:44:17Z INFO HostContext] Well known config file 'MigratedCredentials': 'C:\Users\akosp\Desktop\Programming\testing\github_actions_rtu\actions-runner\.credentials_migrated'
[2023-05-21 15:44:17Z INFO ConfigurationStore] MigratedCredFilePath: C:\Users\akosp\Desktop\Programming\testing\github_actions_rtu\actions-runner\.credentials_migrated
[2023-05-21 15:44:17Z INFO HostContext] Well known directory 'Bin': 'C:\Users\akosp\Desktop\Programming\testing\github_actions_rtu\actions-runner\bin'
[2023-05-21 15:44:17Z INFO HostContext] Well known directory 'Root': 'C:\Users\akosp\Desktop\Programming\testing\github_actions_rtu\actions-runner'
[2023-05-21 15:44:17Z INFO HostContext] Well known config file 'Service': 'C:\Users\akosp\Desktop\Programming\testing\github_actions_rtu\actions-runner\.service'
[2023-05-21 15:44:17Z INFO ConfigurationStore] ServiceConfigFilePath: C:\Users\akosp\Desktop\Programming\testing\github_actions_rtu\actions-runner\.service
[2023-05-21 15:44:17Z INFO ConfigurationStore] Read setting file: 311 chars
[2023-05-21 15:44:17Z INFO GitHubActionsService] Starting operation Location.GetConnectionData
[2023-05-21 15:44:17Z INFO Worker] Listening for cancel message from the channel.
[2023-05-21 15:44:17Z INFO Worker] Waiting for the job to complete or for a cancel message from the channel.
[2023-05-21 15:44:17Z INFO GitHubActionsService] Finished operation Location.GetConnectionData
[2023-05-21 15:44:17Z INFO JobServer] Creating websocket client ...wss://pipelines.actions.githubusercontent.com/W4n4zUjpBHuGRnBhnhtYmaBcgYxIrrMLzUa02muoSI4xAWJCYG/00000000-0000-0000-0000-000000000000/_apis/distributedtask/hubs/Actions/plans/dd2b224f-47d3-4686-9c00-c5ef583ed52c/timelines/dd2b224f-47d3-4686-9c00-c5ef583ed52c/records/e76e805c-c5b4-5497-df08-887f4d6f9b83/feedstream?api-version=6.0-preview
[2023-05-21 15:44:17Z INFO JobServer] Attempting to start websocket client with delay 00:00:00.
[2023-05-21 15:44:17Z INFO JobServerQueue] Start process web console line queue.
[2023-05-21 15:44:17Z INFO JobServerQueue] Start process file upload queue.
[2023-05-21 15:44:17Z INFO JobServerQueue] Start results file upload queue.
[2023-05-21 15:44:17Z INFO JobServerQueue] Starting results-based upload queue...
[2023-05-21 15:44:17Z INFO JobServerQueue] Start process timeline update queue.
[2023-05-21 15:44:17Z INFO ExecutionContext] Initialize GitHub context
[2023-05-21 15:44:17Z INFO ExecutionContext] Initialize Env context
[2023-05-21 15:44:17Z INFO HostContext] Well known directory 'Bin': 'C:\Users\akosp\Desktop\Programming\testing\github_actions_rtu\actions-runner\bin'
[2023-05-21 15:44:17Z INFO HostContext] Well known directory 'Root': 'C:\Users\akosp\Desktop\Programming\testing\github_actions_rtu\actions-runner'
[2023-05-21 15:44:17Z INFO HostContext] Well known directory 'Diag': 'C:\Users\akosp\Desktop\Programming\testing\github_actions_rtu\actions-runner\_diag'
[2023-05-21 15:44:17Z INFO HostContext] Well known directory 'Bin': 'C:\Users\akosp\Desktop\Programming\testing\github_actions_rtu\actions-runner\bin'
[2023-05-21 15:44:17Z INFO HostContext] Well known directory 'Root': 'C:\Users\akosp\Desktop\Programming\testing\github_actions_rtu\actions-runner'
[2023-05-21 15:44:17Z INFO HostContext] Well known directory 'Diag': 'C:\Users\akosp\Desktop\Programming\testing\github_actions_rtu\actions-runner\_diag'
[2023-05-21 15:44:17Z INFO JobRunner] Starting the job execution context.
[2023-05-21 15:44:17Z INFO HostContext] Well known directory 'Bin': 'C:\Users\akosp\Desktop\Programming\testing\github_actions_rtu\actions-runner\bin'
[2023-05-21 15:44:17Z INFO HostContext] Well known directory 'Root': 'C:\Users\akosp\Desktop\Programming\testing\github_actions_rtu\actions-runner'
[2023-05-21 15:44:17Z INFO HostContext] Well known directory 'Work': 'C:\Users\akosp\Desktop\Programming\testing\github_actions_rtu\actions-runner\_work'
[2023-05-21 15:44:17Z INFO JobRunner] Validating directory permissions for: 'C:\Users\akosp\Desktop\Programming\testing\github_actions_rtu\actions-runner\_work'
[2023-05-21 15:44:17Z INFO HostContext] Well known directory 'Bin': 'C:\Users\akosp\Desktop\Programming\testing\github_actions_rtu\actions-runner\bin'
[2023-05-21 15:44:17Z INFO HostContext] Well known directory 'Root': 'C:\Users\akosp\Desktop\Programming\testing\github_actions_rtu\actions-runner'
[2023-05-21 15:44:17Z INFO HostContext] Well known directory 'Work': 'C:\Users\akosp\Desktop\Programming\testing\github_actions_rtu\actions-runner\_work'
[2023-05-21 15:44:17Z INFO HostContext] Well known directory 'Tools': 'C:\Users\akosp\Desktop\Programming\testing\github_actions_rtu\actions-runner\_work\_tool'
[2023-05-21 15:44:17Z INFO HostContext] Well known directory 'Bin': 'C:\Users\akosp\Desktop\Programming\testing\github_actions_rtu\actions-runner\bin'
[2023-05-21 15:44:17Z INFO HostContext] Well known directory 'Root': 'C:\Users\akosp\Desktop\Programming\testing\github_actions_rtu\actions-runner'
[2023-05-21 15:44:17Z INFO HostContext] Well known directory 'Work': 'C:\Users\akosp\Desktop\Programming\testing\github_actions_rtu\actions-runner\_work'
[2023-05-21 15:44:17Z INFO HostContext] Well known directory 'Temp': 'C:\Users\akosp\Desktop\Programming\testing\github_actions_rtu\actions-runner\_work\_temp'
[2023-05-21 15:44:17Z INFO JobRunner] Getting job extension.
[2023-05-21 15:44:17Z INFO JobRunner] Initialize job. Getting all job steps.
[2023-05-21 15:44:17Z INFO HostContext] Well known directory 'Bin': 'C:\Users\akosp\Desktop\Programming\testing\github_actions_rtu\actions-runner\bin'
[2023-05-21 15:44:17Z INFO HostContext] Well known directory 'Root': 'C:\Users\akosp\Desktop\Programming\testing\github_actions_rtu\actions-runner'
[2023-05-21 15:44:17Z INFO HostContext] Well known directory 'Diag': 'C:\Users\akosp\Desktop\Programming\testing\github_actions_rtu\actions-runner\_diag'
[2023-05-21 15:44:17Z INFO HostContext] Well known directory 'Bin': 'C:\Users\akosp\Desktop\Programming\testing\github_actions_rtu\actions-runner\bin'
[2023-05-21 15:44:17Z INFO HostContext] Well known directory 'Root': 'C:\Users\akosp\Desktop\Programming\testing\github_actions_rtu\actions-runner'
[2023-05-21 15:44:17Z INFO HostContext] Well known directory 'Diag': 'C:\Users\akosp\Desktop\Programming\testing\github_actions_rtu\actions-runner\_diag'
[2023-05-21 15:44:17Z INFO HostContext] Well known directory 'Bin': 'C:\Users\akosp\Desktop\Programming\testing\github_actions_rtu\actions-runner\bin'
[2023-05-21 15:44:17Z INFO HostContext] Well known directory 'Root': 'C:\Users\akosp\Desktop\Programming\testing\github_actions_rtu\actions-runner'
[2023-05-21 15:44:17Z INFO HostContext] Well known config file 'Credentials': 'C:\Users\akosp\Desktop\Programming\testing\github_actions_rtu\actions-runner\.credentials'
[2023-05-21 15:44:17Z INFO HostContext] Well known directory 'Bin': 'C:\Users\akosp\Desktop\Programming\testing\github_actions_rtu\actions-runner\bin'
[2023-05-21 15:44:17Z INFO HostContext] Well known directory 'Root': 'C:\Users\akosp\Desktop\Programming\testing\github_actions_rtu\actions-runner'
[2023-05-21 15:44:17Z INFO HostContext] Well known config file 'SetupInfo': 'C:\Users\akosp\Desktop\Programming\testing\github_actions_rtu\actions-runner\.setup_info'
[2023-05-21 15:44:17Z INFO HostContext] Well known directory 'Bin': 'C:\Users\akosp\Desktop\Programming\testing\github_actions_rtu\actions-runner\bin'
[2023-05-21 15:44:17Z INFO HostContext] Well known directory 'Root': 'C:\Users\akosp\Desktop\Programming\testing\github_actions_rtu\actions-runner'
[2023-05-21 15:44:17Z INFO HostContext] Well known directory 'Work': 'C:\Users\akosp\Desktop\Programming\testing\github_actions_rtu\actions-runner\_work'
[2023-05-21 15:44:17Z INFO PipelineDirectoryManager] Loading tracking config if exists: C:\Users\akosp\Desktop\Programming\testing\github_actions_rtu\actions-runner\_work\_PipelineMapping\akosparenko/github_actions_rtu\PipelineFolder.json
[2023-05-21 15:44:17Z INFO PipelineDirectoryManager] Updating job run properties.
[2023-05-21 15:44:17Z INFO HostContext] Well known directory 'Bin': 'C:\Users\akosp\Desktop\Programming\testing\github_actions_rtu\actions-runner\bin'
[2023-05-21 15:44:17Z INFO HostContext] Well known directory 'Root': 'C:\Users\akosp\Desktop\Programming\testing\github_actions_rtu\actions-runner'
[2023-05-21 15:44:17Z INFO HostContext] Well known directory 'Work': 'C:\Users\akosp\Desktop\Programming\testing\github_actions_rtu\actions-runner\_work'
[2023-05-21 15:44:17Z INFO HostContext] Well known directory 'Bin': 'C:\Users\akosp\Desktop\Programming\testing\github_actions_rtu\actions-runner\bin'
[2023-05-21 15:44:17Z INFO HostContext] Well known directory 'Root': 'C:\Users\akosp\Desktop\Programming\testing\github_actions_rtu\actions-runner'
[2023-05-21 15:44:17Z INFO HostContext] Well known directory 'Work': 'C:\Users\akosp\Desktop\Programming\testing\github_actions_rtu\actions-runner\_work'
[2023-05-21 15:44:17Z INFO HostContext] Well known directory 'Bin': 'C:\Users\akosp\Desktop\Programming\testing\github_actions_rtu\actions-runner\bin'
[2023-05-21 15:44:17Z INFO HostContext] Well known directory 'Root': 'C:\Users\akosp\Desktop\Programming\testing\github_actions_rtu\actions-runner'
[2023-05-21 15:44:17Z INFO HostContext] Well known directory 'Work': 'C:\Users\akosp\Desktop\Programming\testing\github_actions_rtu\actions-runner\_work'
[2023-05-21 15:44:17Z INFO JobExtension] Downloading actions
[2023-05-21 15:44:18Z INFO HostContext] Well known directory 'Bin': 'C:\Users\akosp\Desktop\Programming\testing\github_actions_rtu\actions-runner\bin'
[2023-05-21 15:44:18Z INFO HostContext] Well known directory 'Root': 'C:\Users\akosp\Desktop\Programming\testing\github_actions_rtu\actions-runner'
[2023-05-21 15:44:18Z INFO HostContext] Well known directory 'Work': 'C:\Users\akosp\Desktop\Programming\testing\github_actions_rtu\actions-runner\_work'
[2023-05-21 15:44:18Z INFO HostContext] Well known directory 'Actions': 'C:\Users\akosp\Desktop\Programming\testing\github_actions_rtu\actions-runner\_work\_actions'
[2023-05-21 15:44:18Z INFO JobExtension] Adding .
[2023-05-21 15:44:18Z INFO HostContext] Well known directory 'Bin': 'C:\Users\akosp\Desktop\Programming\testing\github_actions_rtu\actions-runner\bin'
[2023-05-21 15:44:18Z INFO HostContext] Well known directory 'Root': 'C:\Users\akosp\Desktop\Programming\testing\github_actions_rtu\actions-runner'
[2023-05-21 15:44:18Z INFO HostContext] Well known directory 'Diag': 'C:\Users\akosp\Desktop\Programming\testing\github_actions_rtu\actions-runner\_diag'
[2023-05-21 15:44:18Z INFO HostContext] Well known directory 'Bin': 'C:\Users\akosp\Desktop\Programming\testing\github_actions_rtu\actions-runner\bin'
[2023-05-21 15:44:18Z INFO HostContext] Well known directory 'Root': 'C:\Users\akosp\Desktop\Programming\testing\github_actions_rtu\actions-runner'
[2023-05-21 15:44:18Z INFO HostContext] Well known directory 'Diag': 'C:\Users\akosp\Desktop\Programming\testing\github_actions_rtu\actions-runner\_diag'
[2023-05-21 15:44:18Z INFO JobExtension] Total accessible running process: 308.
[2023-05-21 15:44:18Z INFO HostContext] Well known directory 'Bin': 'C:\Users\akosp\Desktop\Programming\testing\github_actions_rtu\actions-runner\bin'
[2023-05-21 15:44:18Z INFO HostContext] Well known directory 'Root': 'C:\Users\akosp\Desktop\Programming\testing\github_actions_rtu\actions-runner'
[2023-05-21 15:44:18Z INFO HostContext] Well known directory 'Work': 'C:\Users\akosp\Desktop\Programming\testing\github_actions_rtu\actions-runner\_work'
[2023-05-21 15:44:18Z INFO ExecutionContext] Publish step telemetry for current step {
  "action": "setup_job",
  "type": "runner",
  "stage": "Pre",
  "stepId": "445fe256-af9d-4f4a-8340-5c28ab528364",
  "result": "succeeded",
  "errorMessages": [],
  "executionTimeInSeconds": 1,
  "startTime": "2023-05-21T15:44:17.9121059Z",
  "finishTime": "2023-05-21T15:44:18.0505502Z"
}.
[2023-05-21 15:44:18Z INFO JobRunner] Total job steps: 1.
[2023-05-21 15:44:18Z INFO JobRunner] Run all job steps.
[2023-05-21 15:44:18Z INFO StepsRunner] Processing step: DisplayName='Run echo Deploying to STAGING'
[2023-05-21 15:44:18Z INFO StepsRunner] Evaluating: success()
[2023-05-21 15:44:18Z INFO StepsRunner] Result: true
[2023-05-21 15:44:18Z INFO StepsRunner] Starting the step.
[2023-05-21 15:44:18Z INFO HostContext] Well known directory 'Bin': 'C:\Users\akosp\Desktop\Programming\testing\github_actions_rtu\actions-runner\bin'
[2023-05-21 15:44:18Z INFO HostContext] Well known directory 'Root': 'C:\Users\akosp\Desktop\Programming\testing\github_actions_rtu\actions-runner'
[2023-05-21 15:44:18Z INFO HostContext] Well known directory 'Work': 'C:\Users\akosp\Desktop\Programming\testing\github_actions_rtu\actions-runner\_work'
[2023-05-21 15:44:18Z INFO StepsRunner] Which: 'chcp'
[2023-05-21 15:44:18Z INFO StepsRunner] Location: 'C:\Windows\system32\chcp.COM'
[2023-05-21 15:44:18Z INFO ProcessInvokerWrapper] Starting process:
[2023-05-21 15:44:18Z INFO ProcessInvokerWrapper]   File name: 'C:\Windows\system32\chcp.COM'
[2023-05-21 15:44:18Z INFO ProcessInvokerWrapper]   Arguments: '65001'
[2023-05-21 15:44:18Z INFO ProcessInvokerWrapper]   Working directory: 'C:\Users\akosp\Desktop\Programming\testing\github_actions_rtu\actions-runner\_work'
[2023-05-21 15:44:18Z INFO ProcessInvokerWrapper]   Require exit code zero: 'False'
[2023-05-21 15:44:18Z INFO ProcessInvokerWrapper]   Encoding web name:  ; code page: ''
[2023-05-21 15:44:18Z INFO ProcessInvokerWrapper]   Force kill process on cancellation: 'False'
[2023-05-21 15:44:18Z INFO ProcessInvokerWrapper]   Redirected STDIN: 'False'
[2023-05-21 15:44:18Z INFO ProcessInvokerWrapper]   Persist current code page: 'True'
[2023-05-21 15:44:18Z INFO ProcessInvokerWrapper]   Keep redirected STDIN open: 'False'
[2023-05-21 15:44:18Z INFO ProcessInvokerWrapper]   High priority process: 'False'
[2023-05-21 15:44:18Z INFO ProcessInvokerWrapper] Process started with process id 6880, waiting for process exit.
[2023-05-21 15:44:18Z INFO ProcessInvokerWrapper] STDOUT/STDERR stream read finished.
[2023-05-21 15:44:18Z INFO ProcessInvokerWrapper] STDOUT/STDERR stream read finished.
[2023-05-21 15:44:18Z INFO ProcessInvokerWrapper] Finished process 6880 with exit code 0, and elapsed time 00:00:00.0144304.
[2023-05-21 15:44:18Z INFO StepsRunner] Successfully returned to code page 65001 (UTF8)
[2023-05-21 15:44:18Z INFO HostContext] Well known directory 'Bin': 'C:\Users\akosp\Desktop\Programming\testing\github_actions_rtu\actions-runner\bin'
[2023-05-21 15:44:18Z INFO HostContext] Well known directory 'Root': 'C:\Users\akosp\Desktop\Programming\testing\github_actions_rtu\actions-runner'
[2023-05-21 15:44:18Z INFO HostContext] Well known directory 'Work': 'C:\Users\akosp\Desktop\Programming\testing\github_actions_rtu\actions-runner\_work'
[2023-05-21 15:44:18Z INFO HostContext] Well known directory 'Temp': 'C:\Users\akosp\Desktop\Programming\testing\github_actions_rtu\actions-runner\_work\_temp'
[2023-05-21 15:44:18Z INFO ExecutionContext] Write event payload to C:\Users\akosp\Desktop\Programming\testing\github_actions_rtu\actions-runner\_work\_temp\_github_workflow\event.json
[2023-05-21 15:44:18Z INFO HostContext] Well known directory 'Bin': 'C:\Users\akosp\Desktop\Programming\testing\github_actions_rtu\actions-runner\bin'
[2023-05-21 15:44:18Z INFO HostContext] Well known directory 'Root': 'C:\Users\akosp\Desktop\Programming\testing\github_actions_rtu\actions-runner'
[2023-05-21 15:44:18Z INFO HostContext] Well known directory 'Work': 'C:\Users\akosp\Desktop\Programming\testing\github_actions_rtu\actions-runner\_work'
[2023-05-21 15:44:18Z INFO HostContext] Well known directory 'Temp': 'C:\Users\akosp\Desktop\Programming\testing\github_actions_rtu\actions-runner\_work\_temp'
[2023-05-21 15:44:18Z INFO ExtensionManager] Getting extensions for interface: 'GitHub.Runner.Worker.IFileCommandExtension'
[2023-05-21 15:44:18Z INFO ExtensionManager] Creating instance: GitHub.Runner.Worker.AddPathFileCommand, Runner.Worker
[2023-05-21 15:44:18Z INFO ExtensionManager] Creating instance: GitHub.Runner.Worker.SetEnvFileCommand, Runner.Worker
[2023-05-21 15:44:18Z INFO ExtensionManager] Creating instance: GitHub.Runner.Worker.CreateStepSummaryCommand, Runner.Worker
[2023-05-21 15:44:18Z INFO ExtensionManager] Creating instance: GitHub.Runner.Worker.SaveStateFileCommand, Runner.Worker
[2023-05-21 15:44:18Z INFO ExtensionManager] Creating instance: GitHub.Runner.Worker.SetOutputFileCommand, Runner.Worker
[2023-05-21 15:44:18Z INFO ExtensionManager] Getting extensions for interface: 'GitHub.Runner.Worker.IActionCommandExtension'
[2023-05-21 15:44:18Z INFO ExtensionManager] Creating instance: GitHub.Runner.Worker.InternalPluginSetRepoPathCommandExtension, Runner.Worker
[2023-05-21 15:44:18Z INFO ExtensionManager] Creating instance: GitHub.Runner.Worker.SetEnvCommandExtension, Runner.Worker
[2023-05-21 15:44:18Z INFO ExtensionManager] Creating instance: GitHub.Runner.Worker.SetOutputCommandExtension, Runner.Worker
[2023-05-21 15:44:18Z INFO ExtensionManager] Creating instance: GitHub.Runner.Worker.SaveStateCommandExtension, Runner.Worker
[2023-05-21 15:44:18Z INFO ExtensionManager] Creating instance: GitHub.Runner.Worker.AddPathCommandExtension, Runner.Worker
[2023-05-21 15:44:18Z INFO ExtensionManager] Creating instance: GitHub.Runner.Worker.AddMaskCommandExtension, Runner.Worker
[2023-05-21 15:44:18Z INFO ExtensionManager] Creating instance: GitHub.Runner.Worker.AddMatcherCommandExtension, Runner.Worker
[2023-05-21 15:44:18Z INFO ExtensionManager] Creating instance: GitHub.Runner.Worker.RemoveMatcherCommandExtension, Runner.Worker
[2023-05-21 15:44:18Z INFO ExtensionManager] Creating instance: GitHub.Runner.Worker.WarningCommandExtension, Runner.Worker
[2023-05-21 15:44:18Z INFO ExtensionManager] Creating instance: GitHub.Runner.Worker.ErrorCommandExtension, Runner.Worker
[2023-05-21 15:44:18Z INFO ExtensionManager] Creating instance: GitHub.Runner.Worker.NoticeCommandExtension, Runner.Worker
[2023-05-21 15:44:18Z INFO ExtensionManager] Creating instance: GitHub.Runner.Worker.DebugCommandExtension, Runner.Worker
[2023-05-21 15:44:18Z INFO ExtensionManager] Creating instance: GitHub.Runner.Worker.GroupCommandExtension, Runner.Worker
[2023-05-21 15:44:18Z INFO ExtensionManager] Creating instance: GitHub.Runner.Worker.EndGroupCommandExtension, Runner.Worker
[2023-05-21 15:44:18Z INFO ExtensionManager] Creating instance: GitHub.Runner.Worker.EchoCommandExtension, Runner.Worker
[2023-05-21 15:44:18Z INFO ActionCommandManager] Register action command extension for command internal-set-repo-path
[2023-05-21 15:44:18Z INFO ActionCommandManager] Register action command extension for command set-env
[2023-05-21 15:44:18Z INFO ActionCommandManager] Register action command extension for command set-output
[2023-05-21 15:44:18Z INFO ActionCommandManager] Register action command extension for command save-state
[2023-05-21 15:44:18Z INFO ActionCommandManager] Register action command extension for command add-path
[2023-05-21 15:44:18Z INFO ActionCommandManager] Register action command extension for command add-mask
[2023-05-21 15:44:18Z INFO ActionCommandManager] Register action command extension for command add-matcher
[2023-05-21 15:44:18Z INFO ActionCommandManager] Register action command extension for command remove-matcher
[2023-05-21 15:44:18Z INFO ActionCommandManager] Register action command extension for command warning
[2023-05-21 15:44:18Z INFO ActionCommandManager] Register action command extension for command error
[2023-05-21 15:44:18Z INFO ActionCommandManager] Register action command extension for command notice
[2023-05-21 15:44:18Z INFO ActionCommandManager] Register action command extension for command debug
[2023-05-21 15:44:18Z INFO ActionCommandManager] Register action command extension for command group
[2023-05-21 15:44:18Z INFO ActionCommandManager] Register action command extension for command endgroup
[2023-05-21 15:44:18Z INFO ActionCommandManager] Register action command extension for command echo
[2023-05-21 15:44:18Z INFO ScriptHandler] Which: 'pwsh'
[2023-05-21 15:44:18Z INFO ScriptHandler] pwsh: command not found. Make sure 'pwsh' is installed and its location included in the 'Path' environment variable.
[2023-05-21 15:44:18Z INFO ScriptHandler] Defaulting to powershell
[2023-05-21 15:44:18Z INFO ScriptHandler] Which: 'powershell'
[2023-05-21 15:44:18Z INFO ScriptHandler] Location: 'C:\Windows\System32\WindowsPowerShell\v1.0\powershell.EXE'
[2023-05-21 15:44:18Z INFO HostContext] Well known directory 'Bin': 'C:\Users\akosp\Desktop\Programming\testing\github_actions_rtu\actions-runner\bin'
[2023-05-21 15:44:18Z INFO HostContext] Well known directory 'Root': 'C:\Users\akosp\Desktop\Programming\testing\github_actions_rtu\actions-runner'
[2023-05-21 15:44:18Z INFO HostContext] Well known directory 'Work': 'C:\Users\akosp\Desktop\Programming\testing\github_actions_rtu\actions-runner\_work'
[2023-05-21 15:44:18Z INFO HostContext] Well known directory 'Temp': 'C:\Users\akosp\Desktop\Programming\testing\github_actions_rtu\actions-runner\_work\_temp'
[2023-05-21 15:44:18Z INFO ScriptHandler] Which: 'pwsh'
[2023-05-21 15:44:18Z INFO ScriptHandler] pwsh: command not found. Make sure 'pwsh' is installed and its location included in the 'Path' environment variable.
[2023-05-21 15:44:18Z INFO ScriptHandler] Defaulting to powershell
[2023-05-21 15:44:18Z INFO ScriptHandler] Which: 'powershell'
[2023-05-21 15:44:18Z INFO ScriptHandler] Location: 'C:\Windows\System32\WindowsPowerShell\v1.0\powershell.EXE'
[2023-05-21 15:44:18Z INFO ProcessInvokerWrapper] Starting process:
[2023-05-21 15:44:18Z INFO ProcessInvokerWrapper]   File name: 'C:\Windows\System32\WindowsPowerShell\v1.0\powershell.EXE'
[2023-05-21 15:44:18Z INFO ProcessInvokerWrapper]   Arguments: '-command ". 'C:\Users\akosp\Desktop\Programming\testing\github_actions_rtu\actions-runner\_work\_temp\651274e1-6009-43be-9a4e-9c76a543de8c.ps1'"'
[2023-05-21 15:44:18Z INFO ProcessInvokerWrapper]   Working directory: 'C:\Users\akosp\Desktop\Programming\testing\github_actions_rtu\actions-runner\_work\github_actions_rtu\github_actions_rtu'
[2023-05-21 15:44:18Z INFO ProcessInvokerWrapper]   Require exit code zero: 'False'
[2023-05-21 15:44:18Z INFO ProcessInvokerWrapper]   Encoding web name:  ; code page: ''
[2023-05-21 15:44:18Z INFO ProcessInvokerWrapper]   Force kill process on cancellation: 'False'
[2023-05-21 15:44:18Z INFO ProcessInvokerWrapper]   Redirected STDIN: 'False'
[2023-05-21 15:44:18Z INFO ProcessInvokerWrapper]   Persist current code page: 'True'
[2023-05-21 15:44:18Z INFO ProcessInvokerWrapper]   Keep redirected STDIN open: 'False'
[2023-05-21 15:44:18Z INFO ProcessInvokerWrapper]   High priority process: 'False'
[2023-05-21 15:44:18Z INFO ProcessInvokerWrapper] Process started with process id 19696, waiting for process exit.
[2023-05-21 15:44:18Z INFO JobServer] Successfully started websocket client.
[2023-05-21 15:44:18Z INFO JobServerQueue] Try to append 1 batches web console lines for record '445fe256-af9d-4f4a-8340-5c28ab528364', success rate: 1/1.
[2023-05-21 15:44:18Z INFO JobServerQueue] Try to append 1 batches web console lines for record '81d43a28-32d1-50d7-771f-9baba907242c', success rate: 1/1.
[2023-05-21 15:44:18Z INFO JobServerQueue] Job timeline record has been updated for the first time.
[2023-05-21 15:44:18Z INFO ProcessInvokerWrapper] STDOUT/STDERR stream read finished.
[2023-05-21 15:44:18Z INFO ProcessInvokerWrapper] STDOUT/STDERR stream read finished.
[2023-05-21 15:44:18Z INFO ProcessInvokerWrapper] Finished process 19696 with exit code 0, and elapsed time 00:00:00.4826408.
[2023-05-21 15:44:18Z INFO CreateStepSummaryCommand] Step Summary file (C:\Users\akosp\Desktop\Programming\testing\github_actions_rtu\actions-runner\_work\_temp\_runner_file_commands\step_summary_aa221432-467e-4430-b0de-a7ef4f66836d) is empty; skipping attachment upload
[2023-05-21 15:44:18Z INFO StepsRunner] Step result: 
[2023-05-21 15:44:18Z INFO ExecutionContext] Publish step telemetry for current step {
  "action": "powershell",
  "type": "run",
  "stage": "Main",
  "stepId": "81d43a28-32d1-50d7-771f-9baba907242c",
  "stepContextName": "__run",
  "result": "succeeded",
  "errorMessages": [],
  "executionTimeInSeconds": 1,
  "startTime": "2023-05-21T15:44:18.0703994Z",
  "finishTime": "2023-05-21T15:44:18.7502382Z"
}.
[2023-05-21 15:44:18Z INFO StepsRunner] No need for updating job result with current step result 'Succeeded'.
[2023-05-21 15:44:18Z INFO StepsRunner] Current state: job state = ''
[2023-05-21 15:44:18Z INFO JobRunner] Finalize job.
[2023-05-21 15:44:18Z INFO HostContext] Well known directory 'Bin': 'C:\Users\akosp\Desktop\Programming\testing\github_actions_rtu\actions-runner\bin'
[2023-05-21 15:44:18Z INFO HostContext] Well known directory 'Root': 'C:\Users\akosp\Desktop\Programming\testing\github_actions_rtu\actions-runner'
[2023-05-21 15:44:18Z INFO HostContext] Well known directory 'Diag': 'C:\Users\akosp\Desktop\Programming\testing\github_actions_rtu\actions-runner\_diag'
[2023-05-21 15:44:18Z INFO HostContext] Well known directory 'Bin': 'C:\Users\akosp\Desktop\Programming\testing\github_actions_rtu\actions-runner\bin'
[2023-05-21 15:44:18Z INFO HostContext] Well known directory 'Root': 'C:\Users\akosp\Desktop\Programming\testing\github_actions_rtu\actions-runner'
[2023-05-21 15:44:18Z INFO HostContext] Well known directory 'Diag': 'C:\Users\akosp\Desktop\Programming\testing\github_actions_rtu\actions-runner\_diag'
[2023-05-21 15:44:18Z INFO JobExtension] Initialize Env context
[2023-05-21 15:44:18Z INFO JobExtension] Initialize steps context
[2023-05-21 15:44:18Z INFO JobExtension] Total accessible running process: 309.
[2023-05-21 15:44:18Z INFO JobExtension] Inspecting process environment variables. PID: 7984 (dllhost)
[2023-05-21 15:44:18Z INFO ExecutionContext] Publish step telemetry for current step {
  "action": "complete_job",
  "type": "runner",
  "stage": "Post",
  "stepId": "8daab4ba-59f3-4e84-8e80-ada6e09d7c89",
  "result": "succeeded",
  "errorMessages": [],
  "executionTimeInSeconds": 1,
  "startTime": "2023-05-21T15:44:18.7730226Z",
  "finishTime": "2023-05-21T15:44:18.8207815Z"
}.
[2023-05-21 15:44:18Z INFO JobRunner] Job result after all job steps finish: Succeeded
[2023-05-21 15:44:18Z INFO JobRunner] Completing the job execution context.
[2023-05-21 15:44:18Z INFO JobRunner] Shutting down the job server queue.
[2023-05-21 15:44:18Z INFO JobServerQueue] Fire signal to shutdown all queues.
[2023-05-21 15:44:19Z INFO JobServerQueue] Try to upload 3 log files or attachments, success rate: 3/3.
[2023-05-21 15:44:20Z INFO JobServerQueue] All queue process task stopped.
[2023-05-21 15:44:20Z INFO JobServerQueue] Try to append 1 batches web console lines for record '81d43a28-32d1-50d7-771f-9baba907242c', success rate: 1/1.
[2023-05-21 15:44:20Z INFO JobServerQueue] Try to append 1 batches web console lines for record '8daab4ba-59f3-4e84-8e80-ada6e09d7c89', success rate: 1/1.
[2023-05-21 15:44:20Z INFO JobServerQueue] Web console line queue drained.
[2023-05-21 15:44:20Z INFO JobServerQueue] Uploading 1 files in one shot.
[2023-05-21 15:44:21Z INFO JobServerQueue] Try to upload 1 log files or attachments, success rate: 1/1.
[2023-05-21 15:44:21Z INFO JobServerQueue] File upload queue drained.
[2023-05-21 15:44:21Z INFO JobServerQueue] Starting results-based upload queue...
[2023-05-21 15:44:21Z INFO JobServerQueue] Results upload queue drained.
[2023-05-21 15:44:21Z INFO JobServerQueue] Timeline update queue drained.
[2023-05-21 15:44:21Z INFO JobServerQueue] Disposing job server ...
[2023-05-21 15:44:21Z INFO JobServerQueue] Disposing results server ...
[2023-05-21 15:44:21Z INFO JobServerQueue] All queue process tasks have been stopped, and all queues are drained.
[2023-05-21 15:44:21Z INFO TempDirectoryManager] Cleaning runner temp folder: C:\Users\akosp\Desktop\Programming\testing\github_actions_rtu\actions-runner\_work\_temp
[2023-05-21 15:44:21Z INFO HostContext] Well known directory 'Bin': 'C:\Users\akosp\Desktop\Programming\testing\github_actions_rtu\actions-runner\bin'
[2023-05-21 15:44:21Z INFO HostContext] Well known directory 'Root': 'C:\Users\akosp\Desktop\Programming\testing\github_actions_rtu\actions-runner'
[2023-05-21 15:44:21Z INFO HostContext] Well known directory 'Diag': 'C:\Users\akosp\Desktop\Programming\testing\github_actions_rtu\actions-runner\_diag'
[2023-05-21 15:44:21Z INFO HostContext] Well known config file 'Telemetry': 'C:\Users\akosp\Desktop\Programming\testing\github_actions_rtu\actions-runner\_diag\.telemetry'
[2023-05-21 15:44:21Z INFO JobRunner] Raising job completed event
[2023-05-21 15:44:21Z INFO Worker] Job completed.
